<?xml version="1.0" encoding="UTF-8"?>
<!-- Generated by org.testng.reporters.JUnitReportReporter -->
<testsuite skipped="0" hostname="Notebook-PC" name="basics.NewTest" tests="2" failures="0" timestamp="25 Sep 2019 15:39:33 GMT" time="0.016" errors="0">
  <testcase name="f" time="0.015" classname="basics.NewTest"/>
  <testcase name="f1" time="0.001" classname="basics.NewTest"/>
</testsuite> <!-- basics.NewTest -->
